<?xml version="1.0" encoding="UTF-8"?>
<!-- Generated by org.testng.reporters.JUnitXMLReporter -->
<testsuite hostname="DESKTOP-E3S40KF" ignored="0" name="Test" tests="1" failures="1" timestamp="2020-03-26T15:22:26 IST" time="29.633" errors="0">
  <testcase name="f" time="29.542" classname="PkgTest.Google1">
    <failure type="java.lang.AssertionError" message="expected [Google1] but found [Google]">
      <![CDATA[java.lang.AssertionError: expected [Google1] but found [Google]
at PkgTest.Google1.f(Google1.java:18)
at java.util.ArrayList.forEach(ArrayList.java:1257)
... Removed 31 stack frames]]>
    </failure>
  </testcase> <!-- f -->
</testsuite> <!-- Test -->
