<?xml version="1.0" encoding="UTF-8"?>
<testng-results skipped="0" failed="0" ignored="0" total="1" passed="1">
  <reporter-output>
  </reporter-output>
  <suite name="Suite" duration-ms="16927" started-at="2020-03-24T13:53:13 IST" finished-at="2020-03-24T13:53:30 IST">
    <groups>
    </groups>
    <test name="Test" duration-ms="16927" started-at="2020-03-24T13:53:13 IST" finished-at="2020-03-24T13:53:30 IST">
      <class name="PkgTest.Google1">
        <test-method status="PASS" signature="f()[pri:0, instance:PkgTest.Google1@35fb3008]" name="f" duration-ms="16864" started-at="2020-03-24T13:53:13 IST" finished-at="2020-03-24T13:53:30 IST">
          <reporter-output>
          </reporter-output>
        </test-method> <!-- f -->
      </class> <!-- PkgTest.Google1 -->
    </test> <!-- Test -->
  </suite> <!-- Suite -->
</testng-results>
